                                                                                                                                                                                             
                                                                                                                                                                                             
                                                                                                                                                                                             
                                                                                                                                                                                             
                                                                                                                                                                                             
                                                                                                                                                                                             
                                                                                                                                                                                             
                                                                                                                                                                                             
                                                                                                                                                                                             
                                                                                                                                                                                             
                                                                                                                                                                                             
                                                                                                                                                                                             
                                                                                                                                                                                             
                                                                                                                                                                                             
                                                                                                                                                                                             
                                                                                                                                                                                             
                                                                                                                                                                                             
                                                                                                                                                                                             
                                                                                                                                                                                             
                                                                                                                                                                                             
                                                                                                                                                                                             
                                                                                                                                                                                             
                                                                                                                                                                                             
                                                                                                                                                                                             
                                                                                                                                                                                             
                                                                                                                                                                                             
                                                                                                                                                                                             
                                                                                                                                                                                             
                                                                                                                                                                                             
                                                                                                                                                                                             
                                                                                                                                                                                             
                                                                                                                                                                                             
                                                                                                                                                                                             
                                                                                                                                                                                             
                                                                                                                                                                                             
                                                                                                                                                                                             
                                                                                                                                                                                             
                                                                                                                                                                                             
                                                                                                                                                                                             
                                                                                                                                                                                             
                                                                                                                                                                                             
                                                                                                                                                                                             
                                                                                                                                                                                             
                                                                                                                                                                                             
                                                                                                                                                                                             
                                                                                                                                                                                             
                                                                                                                                                                                             
                                                                                                                                                                                             
                                                                                                                                                                                             
                                                                                                                                                                                             
                                                                                                                                                                                             
                                                                                                                                                                                             
                                                                                                                                                                                             
                                                                                                                                                                                             
                                                                                                                                                                                             
                                                                                                                                                                                             
                                                                                                                                                                                             
                                                                                                                                                                                             
                                                                                                                                                                                             
                                                                                                                                                                                             
                                                                                                                                                                                             
                                                                                                                                                                                             
                                                                                                                                                                                             
                                                                                                                                                                                             
0.00 0.00 0.00 255.00 255.00
0.00 0.00 0.00 255.00 255.00
0.00 0.00 0.00 255.00 255.00
0.00 0.00 0.00 255.00 255.00
0.02 0.00 -0.02 255.00 255.00
0.05 0.00 -0.05 255.01 254.98
0.10 0.00 -0.10 255.01 254.97
0.16 0.00 -0.16 255.02 254.94
0.23 0.00 -0.23 255.03 254.90
0.33 0.00 -0.33 255.04 254.85
0.42 0.00 -0.42 255.05 254.79
0.51 0.00 -0.51 255.06 254.72
0.60 0.00 -0.60 255.07 254.64
0.68 0.00 -0.68 255.08 254.55
0.77 0.00 -0.77 255.09 254.44
0.86 0.00 -0.86 255.10 254.33
0.96 0.00 -0.96 255.11 254.20
1.05 0.00 -1.05 255.13 254.06
1.14 0.00 -1.14 255.14 253.92
1.21 0.00 -1.21 255.15 253.76
1.30 0.00 -1.30 255.16 253.59
1.37 0.00 -1.37 255.16 253.42
1.45 0.00 -1.45 255.17 253.24
1.51 0.00 -1.51 255.18 253.05
1.57 0.00 -1.57 255.19 252.86
1.63 0.00 -1.63 255.20 252.65
1.72 0.00 -1.72 255.21 252.44
1.81 0.00 -1.81 255.22 252.21
1.88 0.00 -1.88 255.23 251.97
1.94 0.00 -1.94 255.23 251.73
2.01 0.00 -2.01 255.24 251.48
2.08 0.00 -2.08 255.25 251.22
2.16 0.00 -2.16 255.26 250.96
2.24 0.00 -2.24 255.27 250.68
2.32 0.00 -2.32 255.28 250.39
2.40 0.00 -2.40 255.29 250.09
2.47 0.00 -2.47 255.30 249.79
2.53 0.00 -2.53 255.30 249.48
2.62 0.00 -2.62 255.31 249.15
2.69 0.00 -2.69 255.32 248.82
2.76 0.00 -2.76 255.33 248.48
2.82 0.00 -2.82 255.34 248.13
2.89 0.00 -2.89 255.35 247.78
2.96 0.00 -2.96 255.35 247.41
3.01 0.00 -3.01 255.36 247.05
3.05 0.00 -3.05 255.37 246.68
3.10 0.00 -3.10 255.37 246.30
3.13 0.00 -3.13 255.38 245.92
3.15 0.00 -3.15 255.38 245.54
3.17 0.00 -3.17 255.38 245.16
3.19 0.00 -3.19 255.38 244.77
3.22 0.00 -3.22 255.39 244.38
3.22 0.00 -3.22 255.39 243.99
3.23 0.00 -3.23 255.39 243.61
3.23 0.00 -3.23 255.39 243.22
3.23 0.00 -3.23 255.39 242.83
3.23 0.00 -3.23 255.39 242.44
3.23 0.00 -3.23 255.39 242.06
3.23 0.00 -3.23 255.39 241.67
3.21 0.00 -3.21 255.38 241.29
3.18 0.00 -3.18 255.38 240.91
3.15 0.00 -3.15 255.38 240.53
3.13 0.00 -3.13 255.38 240.16
3.12 0.00 -3.12 255.37 239.79
3.12 0.00 -3.12 255.37 239.41
3.15 0.00 -3.15 255.38 239.03
3.19 0.00 -3.19 255.38 238.64
3.24 0.00 -3.24 255.39 238.25
3.26 0.00 -3.26 255.39 237.86
3.27 0.00 -3.27 255.39 237.46
3.30 0.00 -3.30 255.40 237.06
3.32 0.00 -3.32 255.40 236.66
3.32 0.00 -3.32 255.40 236.26
3.32 0.00 -3.32 255.40 235.86
3.33 0.00 -3.33 255.40 235.46
3.35 0.00 -3.35 255.40 235.06
3.35 0.00 -3.35 255.40 234.66
3.33 0.00 -3.33 255.40 234.26
3.31 0.00 -3.31 255.40 233.86
3.28 0.00 -3.28 255.39 233.47
3.27 0.00 -3.27 255.39 233.08
3.26 0.00 -3.26 255.39 232.69
3.25 0.00 -3.25 255.39 232.31
3.22 0.00 -3.22 255.39 231.92
3.20 0.00 -3.20 255.38 231.54
3.17 0.00 -3.17 255.38 231.16
3.14 0.00 -3.14 255.38 230.79
3.11 0.00 -3.11 255.37 230.42
3.09 0.00 -3.09 255.37 230.05
3.07 0.00 -3.07 255.37 229.69
3.04 0.00 -3.04 255.36 229.33
3.00 0.00 -3.00 255.36 228.97
2.98 0.00 -2.98 255.36 228.62
2.94 0.00 -2.94 255.35 228.27
2.89 0.00 -2.89 255.35 227.93
2.82 0.00 -2.82 255.34 227.60
2.76 0.00 -2.76 255.33 227.27
2.71 0.00 -2.71 255.33 226.95
2.67 0.00 -2.67 255.32 226.64
2.62 0.00 -2.62 255.31 226.33
2.64 0.00 -2.64 255.32 226.01
2.68 0.00 -2.68 255.32 225.68
2.77 0.00 -2.77 255.33 225.34
2.88 0.00 -2.88 255.35 224.98
2.97 0.00 -2.97 255.36 224.61
3.04 0.00 -3.04 255.37 224.24
3.10 0.00 -3.10 255.37 223.86
3.18 0.00 -3.18 255.38 223.47
3.22 0.00 -3.22 255.39 223.08
3.22 0.00 -3.22 255.39 222.69
3.22 0.00 -3.22 255.39 222.30
3.20 0.00 -3.20 255.38 221.92
3.13 0.00 -3.13 255.38 221.56
3.04 0.00 -3.04 255.36 221.20
2.94 0.00 -2.94 255.35 220.86
2.85 0.00 -2.85 255.34 220.53
2.78 0.00 -2.78 255.33 220.20
2.74 0.00 -2.74 255.33 219.88
2.71 0.00 -2.71 255.32 219.56
2.66 0.00 -2.66 255.32 219.25
2.60 0.00 -2.60 255.31 218.94
2.55 0.00 -2.55 255.31 218.64
2.49 0.00 -2.49 255.30 218.35
2.43 0.00 -2.43 255.29 218.07
2.37 0.00 -2.37 255.28 217.79
2.33 0.00 -2.33 255.28 217.51
2.30 0.00 -2.30 255.28 217.24
2.26 0.00 -2.26 255.27 216.97
2.21 0.00 -2.21 255.27 216.71
2.17 0.00 -2.17 255.26 216.46
2.12 0.00 -2.12 255.25 216.21
2.05 0.00 -2.05 255.25 215.98
1.97 0.00 -1.97 255.24 215.75
1.90 0.00 -1.90 255.23 215.53
1.84 0.00 -1.84 255.22 215.32
1.79 0.00 -1.79 255.22 215.11
1.75 0.00 -1.75 255.21 214.90
1.71 0.00 -1.71 255.21 214.70
1.66 0.00 -1.66 255.20 214.51
1.59 0.00 -1.59 255.19 214.32
1.53 0.00 -1.53 255.18 214.15
1.49 0.00 -1.49 255.18 213.97
1.44 0.00 -1.44 255.17 213.81
1.40 0.00 -1.40 255.17 213.64
1.35 0.00 -1.35 255.16 213.49
1.31 0.00 -1.31 255.16 213.34
1.28 0.00 -1.28 255.15 213.18
1.28 0.00 -1.28 255.15 213.03
1.30 0.00 -1.30 255.16 212.87
1.32 0.00 -1.32 255.16 212.71
1.32 0.00 -1.32 255.16 212.55
1.32 0.00 -1.32 255.16 212.40
1.32 0.00 -1.32 255.16 212.24
1.32 0.00 -1.32 255.16 212.08
1.30 0.00 -1.30 255.16 211.92
1.26 0.00 -1.26 255.15 211.78
1.21 0.00 -1.21 255.15 211.64
1.16 0.00 -1.16 255.14 211.51
1.11 0.00 -1.11 255.13 211.38
1.06 0.00 -1.06 255.13 211.26
1.00 0.00 -1.00 255.12 211.15
0.94 0.00 -0.94 255.11 211.04
0.89 0.00 -0.89 255.11 210.94
0.82 0.00 -0.82 255.10 210.85
0.76 0.00 -0.76 255.09 210.77
0.70 0.00 -0.70 255.08 210.69
0.63 0.00 -0.63 255.08 210.62
0.56 0.00 -0.56 255.07 210.56
0.46 0.00 -0.46 255.06 210.52
0.36 0.00 -0.36 255.04 210.49
0.23 0.00 -0.23 255.03 210.48
0.13 0.00 -0.13 255.02 210.47
0.04 0.00 -0.04 255.00 210.48
-0.04 0.00 0.04 254.99 210.49
-0.13 0.00 0.13 254.96 210.52
-0.21 0.00 0.21 254.93 210.55
-0.28 0.00 0.28 254.89 210.59
-0.36 0.00 0.36 254.84 210.65
-0.45 0.00 0.45 254.77 210.71
-0.53 0.00 0.53 254.70 210.79
-0.61 0.00 0.61 254.62 210.87
-0.71 0.00 0.71 254.52 210.97
-0.81 0.00 0.81 254.41 211.07
-0.91 0.00 0.91 254.29 211.20
-1.00 0.00 1.00 254.16 211.33
-1.11 0.00 1.11 254.01 211.47
-1.22 0.00 1.22 253.85 211.63
-1.33 0.00 1.33 253.68 211.81
-1.45 0.00 1.45 253.49 211.99
-1.59 0.00 1.59 253.28 212.20
-1.70 0.00 1.70 253.06 212.42
-1.82 0.00 1.82 252.83 212.65
-1.94 0.00 1.94 252.58 212.90
-2.07 0.00 2.07 252.32 213.17
-2.20 0.00 2.20 252.04 213.45
-2.31 0.00 2.31 251.75 213.74
-2.42 0.00 2.42 251.44 214.04
-2.55 0.00 2.55 251.12 214.36
-2.66 0.00 2.66 250.79 214.69
-2.77 0.00 2.77 250.45 215.04
-2.88 0.00 2.88 250.09 215.40
-3.00 0.00 3.00 249.71 215.77
-3.12 0.00 3.12 249.32 216.16
-3.21 0.00 3.21 248.93 216.56
-3.31 0.00 3.31 248.52 216.97
-3.43 0.00 3.43 248.09 217.39
-3.53 0.00 3.53 247.66 217.83
-3.63 0.00 3.63 247.21 218.27
-3.71 0.00 3.71 246.75 218.73
-3.82 0.00 3.82 246.28 219.20
-3.95 0.00 3.95 245.79 219.69
-4.07 0.00 4.07 245.29 220.19
-4.18 0.00 4.18 244.78 220.71
-4.30 0.00 4.30 244.24 221.24
-4.40 0.00 4.40 243.70 221.78
-4.50 0.00 4.50 243.15 222.33
-4.59 0.00 4.59 242.59 222.89
-4.67 0.00 4.67 242.02 223.46
-4.78 0.00 4.78 241.43 224.05
-4.86 0.00 4.86 240.84 224.64
-4.94 0.00 4.94 240.24 225.25
-5.03 0.00 5.03 239.62 225.86
-5.13 0.00 5.13 239.00 226.49
-5.20 0.00 5.20 238.36 227.12
-5.26 0.00 5.26 237.73 227.76
-5.32 0.00 5.32 237.08 228.40
-5.40 0.00 5.40 236.42 229.06
-5.47 0.00 5.47 235.76 229.73
-5.55 0.00 5.55 235.08 230.40
-5.66 0.00 5.66 234.39 231.09
-5.82 0.00 5.82 233.67 231.81
-5.97 0.00 5.97 232.94 232.55
-6.14 0.00 6.14 232.18 233.30
-6.30 0.00 6.30 231.40 234.08
-6.49 0.00 6.49 230.60 234.88
-6.59 0.00 6.59 229.80 235.68
-6.65 0.00 6.65 228.99 236.49
-6.67 0.00 6.67 228.19 237.29
-6.64 0.00 6.64 227.40 238.09
-6.61 0.00 6.61 226.61 238.87
-6.56 0.00 6.56 225.83 239.66
-6.54 0.00 6.54 225.05 240.44
-6.54 0.00 6.54 224.26 241.22
-6.54 0.00 6.54 223.48 242.01
-6.54 0.00 6.54 222.69 242.79
-6.54 0.00 6.54 221.91 243.58
-6.54 0.00 6.54 221.12 244.36
-6.56 0.00 6.56 220.33 245.15
-6.59 0.00 6.59 219.54 245.95
-6.62 0.00 6.62 218.74 246.74
-6.65 0.00 6.65 217.94 247.55
-6.69 0.00 6.69 217.13 248.35
-6.71 0.00 6.71 216.32 249.16
-6.73 0.00 6.73 215.51 249.97
-6.75 0.00 6.75 214.70 250.78
-6.76 0.00 6.76 213.89 251.60
-6.76 0.00 6.76 213.08 252.41
-6.76 0.00 6.76 212.27 253.22
-6.76 0.00 6.76 211.45 254.03
-6.76 0.00 6.76 210.64 254.84
-6.77 0.00 6.77 209.83 255.65
-6.77 0.00 6.77 209.02 255.81
-6.77 0.00 6.77 208.20 255.81
-6.75 0.00 6.75 207.40 255.81
-6.73 0.00 6.73 206.59 255.81
-6.71 0.00 6.71 205.79 255.81
-6.69 0.00 6.69 204.99 255.80
-6.68 0.00 6.68 204.19 255.80
-6.67 0.00 6.67 203.39 255.80
-6.67 0.00 6.67 202.59 255.80
-6.66 0.00 6.66 201.79 255.80
-6.64 0.00 6.64 201.00 255.80
-6.58 0.00 6.58 200.21 255.79
-6.48 0.00 6.48 199.45 255.78
-6.33 0.00 6.33 198.71 255.76
-6.15 0.00 6.15 197.99 255.74
-5.90 0.00 5.90 197.31 255.71
-5.69 0.00 5.69 196.66 255.68
-5.50 0.00 5.50 196.02 255.66
-5.37 0.00 5.37 195.39 255.64
-5.30 0.00 5.30 194.76 255.64
-5.27 0.00 5.27 194.13 255.63
-5.27 0.00 5.27 193.50 255.63
-5.27 0.00 5.27 192.87 255.63
-5.27 0.00 5.27 192.24 255.63
-5.25 0.00 5.25 191.61 255.63
-5.21 0.00 5.21 190.99 255.63
-5.15 0.00 5.15 190.38 255.62
-5.03 0.00 5.03 189.79 255.60
-4.93 0.00 4.93 189.21 255.59
-4.83 0.00 4.83 188.64 255.58
-4.74 0.00 4.74 188.08 255.57
-4.63 0.00 4.63 187.54 255.55
-4.51 0.00 4.51 187.02 255.54
-4.39 0.00 4.39 186.50 255.53
-4.26 0.00 4.26 186.01 255.51
-4.11 0.00 4.11 185.53 255.49
-3.97 0.00 3.97 185.07 255.48
-3.79 0.00 3.79 184.64 255.46
-3.65 0.00 3.65 184.22 255.44
-3.47 0.00 3.47 183.82 255.42
-3.34 0.00 3.34 183.44 255.40
-3.22 0.00 3.22 183.07 255.39
-3.09 0.00 3.09 182.71 255.37
-2.93 0.00 2.93 182.38 255.35
-2.80 0.00 2.80 182.06 255.34
-2.66 0.00 2.66 181.76 255.32
-2.54 0.00 2.54 181.47 255.31
-2.41 0.00 2.41 181.19 255.29
-2.30 0.00 2.30 180.93 255.28
-2.18 0.00 2.18 180.68 255.26
-2.05 0.00 2.05 180.45 255.25
-1.89 0.00 1.89 180.25 255.23
-1.73 0.00 1.73 180.06 255.21
-1.58 0.00 1.58 179.89 255.19
-1.43 0.00 1.43 179.73 255.17
-1.25 0.00 1.25 179.61 255.15
-1.10 0.00 1.10 179.49 255.13
-0.95 0.00 0.95 179.40 255.11
-0.79 0.00 0.79 179.32 255.09
-0.58 0.00 0.58 179.28 255.07
-0.34 0.00 0.34 179.26 255.04
-0.13 0.00 0.13 179.27 255.02
0.06 0.00 -0.06 179.31 254.98
0.24 0.00 -0.24 179.36 254.93
0.45 0.00 -0.45 179.44 254.85
0.62 0.00 -0.62 179.53 254.76
0.77 0.00 -0.77 179.64 254.65
0.94 0.00 -0.94 179.77 254.52
1.19 0.00 -1.19 179.95 254.34
1.36 0.00 -1.36 180.13 254.16
1.53 0.00 -1.53 180.33 253.96
1.68 0.00 -1.68 180.55 253.74
1.86 0.00 -1.86 180.80 253.49
2.01 0.00 -2.01 181.06 253.23
2.16 0.00 -2.16 181.34 252.95
2.32 0.00 -2.32 181.63 252.66
2.54 0.00 -2.54 181.96 252.32
2.68 0.00 -2.68 182.30 251.99
2.81 0.00 -2.81 182.66 251.63
2.94 0.00 -2.94 183.03 251.26
3.10 0.00 -3.10 183.42 250.87
3.23 0.00 -3.23 183.82 250.47
3.35 0.00 -3.35 184.24 250.05
3.48 0.00 -3.48 184.67 249.62
3.64 0.00 -3.64 185.12 249.16
3.75 0.00 -3.75 185.59 248.70
3.86 0.00 -3.86 186.06 248.23
3.96 0.00 -3.96 186.55 247.74
4.07 0.00 -4.07 187.05 247.24
4.20 0.00 -4.20 187.57 246.72
4.31 0.00 -4.31 188.10 246.19
4.43 0.00 -4.43 188.65 245.64
4.57 0.00 -4.57 189.21 245.07
4.70 0.00 -4.70 189.79 244.50
4.79 0.00 -4.79 190.38 243.91
4.88 0.00 -4.88 190.98 243.31
4.97 0.00 -4.97 191.58 242.71
5.05 0.00 -5.05 192.20 242.09
5.12 0.00 -5.12 192.82 241.47
5.19 0.00 -5.19 193.45 240.83
5.28 0.00 -5.28 194.10 240.19
5.37 0.00 -5.37 194.76 239.53
5.45 0.00 -5.45 195.42 238.87
5.53 0.00 -5.53 196.09 238.20
5.62 0.00 -5.62 196.78 237.51
5.72 0.00 -5.72 197.48 236.81
5.80 0.00 -5.80 198.18 236.11
5.86 0.00 -5.86 198.89 235.40
5.94 0.00 -5.94 199.61 234.68
6.02 0.00 -6.02 200.35 233.94
6.07 0.00 -6.07 201.08 233.21
6.12 0.00 -6.12 201.82 232.47
6.18 0.00 -6.18 202.57 231.72
6.24 0.00 -6.24 203.33 230.96
6.30 0.00 -6.30 204.09 230.20
6.34 0.00 -6.34 204.85 229.44
6.38 0.00 -6.38 205.62 228.67
6.41 0.00 -6.41 206.40 227.89
6.44 0.00 -6.44 207.17 227.12
6.47 0.00 -6.47 207.95 226.34
6.50 0.00 -6.50 208.74 225.55
6.53 0.00 -6.53 209.52 224.77
6.56 0.00 -6.56 210.32 223.97
6.58 0.00 -6.58 211.11 223.18
6.61 0.00 -6.61 211.90 222.39
6.63 0.00 -6.63 212.70 221.59
6.65 0.00 -6.65 213.50 220.79
6.65 0.00 -6.65 214.30 219.99
6.65 0.00 -6.65 215.10 219.19
6.66 0.00 -6.66 215.90 218.39
6.67 0.00 -6.67 216.70 217.59
6.69 0.00 -6.69 217.50 216.78
6.71 0.00 -6.71 218.31 215.98
6.72 0.00 -6.72 219.12 215.17
6.72 0.00 -6.72 219.93 214.36
6.72 0.00 -6.72 220.73 213.56
6.70 0.00 -6.70 221.53 212.75
6.68 0.00 -6.68 222.33 211.96
6.64 0.00 -6.64 223.13 211.16
6.62 0.00 -6.62 223.92 210.37
6.59 0.00 -6.59 224.70 209.59
6.56 0.00 -6.56 225.49 208.80
6.54 0.00 -6.54 226.27 208.02
6.52 0.00 -6.52 227.05 207.24
6.52 0.00 -6.52 227.83 206.46
6.52 0.00 -6.52 228.62 205.67
6.51 0.00 -6.51 229.40 204.89
6.48 0.00 -6.48 230.17 204.12
6.45 0.00 -6.45 230.94 203.35
6.42 0.00 -6.42 231.71 202.58
6.38 0.00 -6.38 232.47 201.82
6.30 0.00 -6.30 233.22 201.07
6.24 0.00 -6.24 233.96 200.33
6.16 0.00 -6.16 234.69 199.60
6.09 0.00 -6.09 235.41 198.88
6.02 0.00 -6.02 236.12 198.17
5.94 0.00 -5.94 236.82 197.46
5.86 0.00 -5.86 237.52 196.77
5.77 0.00 -5.77 238.20 196.09
5.66 0.00 -5.66 238.87 195.42
5.58 0.00 -5.58 239.52 194.77
5.49 0.00 -5.49 240.17 194.12
5.41 0.00 -5.41 240.81 193.48
5.33 0.00 -5.33 241.44 192.85
5.25 0.00 -5.25 242.06 192.23
5.17 0.00 -5.17 242.67 191.61
5.10 0.00 -5.10 243.28 191.01
5.03 0.00 -5.03 243.87 190.41
4.99 0.00 -4.99 244.47 189.82
4.94 0.00 -4.94 245.05 189.23
4.88 0.00 -4.88 245.63 188.66
4.80 0.00 -4.80 246.20 188.09
4.73 0.00 -4.73 246.76 187.53
4.66 0.00 -4.66 247.31 186.98
4.58 0.00 -4.58 247.85 186.44
4.49 0.00 -4.49 248.38 185.91
4.38 0.00 -4.38 248.89 185.40
4.28 0.00 -4.28 249.39 184.90
4.17 0.00 -4.17 249.88 184.41
4.05 0.00 -4.05 250.35 183.94
3.90 0.00 -3.90 250.80 183.49
3.78 0.00 -3.78 251.24 183.05
3.68 0.00 -3.68 251.67 182.62
3.58 0.00 -3.58 252.09 182.20
3.46 0.00 -3.46 252.49 181.80
3.35 0.00 -3.35 252.87 181.42
3.23 0.00 -3.23 253.25 181.04
3.11 0.00 -3.11 253.60 180.68
2.94 0.00 -2.94 253.94 180.35
2.81 0.00 -2.81 254.26 180.03
2.67 0.00 -2.67 254.56 179.73
2.52 0.00 -2.52 254.85 179.44
2.36 0.00 -2.36 255.11 179.18
2.22 0.00 -2.22 255.27 178.93
2.07 0.00 -2.07 255.25 178.70
1.91 0.00 -1.91 255.23 178.49
1.64 0.00 -1.64 255.20 178.33
1.41 0.00 -1.41 255.17 178.19
1.16 0.00 -1.16 255.14 178.08
0.92 0.00 -0.92 255.11 177.99
0.66 0.00 -0.66 255.08 177.95
0.44 0.00 -0.44 255.05 177.92
0.22 0.00 -0.22 255.03 177.92
0.00 0.00 -0.00 255.00 177.95
-0.31 0.00 0.31 254.93 178.02
-0.52 0.00 0.52 254.84 178.11
-0.74 0.00 0.74 254.72 178.22
-0.95 0.00 0.95 254.58 178.36
-1.20 0.00 1.20 254.41 178.54
-1.41 0.00 1.41 254.21 178.73
-1.62 0.00 1.62 254.00 178.95
-1.82 0.00 1.82 253.75 179.19
-2.10 0.00 2.10 253.47 179.48
-2.29 0.00 2.29 253.17 179.78
-2.49 0.00 2.49 252.85 180.10
-2.66 0.00 2.66 252.51 180.44
-2.86 0.00 2.86 252.14 180.81
-2.99 0.00 2.99 251.76 181.18
-3.12 0.00 3.12 251.37 181.57
-3.29 0.00 3.29 250.96 181.99
-3.46 0.00 3.46 250.52 182.42
-3.62 0.00 3.62 250.07 182.88
-3.79 0.00 3.79 249.59 183.35
-3.98 0.00 3.98 249.09 183.85
-4.20 0.00 4.20 248.56 184.38
-4.37 0.00 4.37 248.02 184.93
-4.53 0.00 4.53 247.46 185.49
-4.73 0.00 4.73 246.86 186.08
-4.95 0.00 4.95 246.24 186.70
-5.12 0.00 5.12 245.61 187.34
-5.30 0.00 5.30 244.95 188.00
-5.50 0.00 5.50 244.27 188.68
-5.75 0.00 5.75 243.55 189.40
-5.98 0.00 5.98 242.80 190.15
-6.20 0.00 6.20 242.03 190.92
-6.45 0.00 6.45 241.22 191.72
-6.65 0.00 6.65 240.40 192.54
-6.89 0.00 6.89 239.55 193.40
-7.11 0.00 7.11 238.67 194.28
-7.33 0.00 7.33 237.76 195.19
-7.55 0.00 7.55 236.83 196.12
